<?xml version="1.0" encoding="UTF-8"?>
<!-- Generated by org.testng.reporters.JUnitReportReporter -->
<testsuite skipped="1" hostname="DESKTOP-CTFSMH2" name="steps_of_Parametarization.TestRunner" tests="1" failures="0" timestamp="11 Mar 2022 01:11:05 GMT" time="0.000" errors="0">
  <testcase name="runScenario" time="0.000" classname="steps_of_Parametarization.TestRunner">
    <skipped/>
  </testcase> <!-- runScenario -->
</testsuite> <!-- steps_of_Parametarization.TestRunner -->
