<?xml version="1.0" encoding="UTF-8"?>
<!-- Generated by org.testng.reporters.JUnitReportReporter -->
<testsuite skipped="0" hostname="DESKTOP-CTFSMH2" name="testCases.TC003_EditLead" tests="1" failures="0" timestamp="02 Mar 2022 03:52:16 GMT" time="403058.188" errors="1">
  <testcase name="editLead" time="403058.188" classname="testCases.TC003_EditLead">
    <error type="java.lang.StackOverflowError">
      <![CDATA[java.lang.StackOverflowError
at pages.ViewLeadPage.verifyTitleOfPage(ViewLeadPage.java:13)
at pages.ViewLeadPage.verifyTitleOfPage(ViewLeadPage.java:14)
at pages.ViewLeadPage.verifyTitleOfPage(ViewLeadPage.java:14)
at pages.ViewLeadPage.verifyTitleOfPage(ViewLeadPage.java:14)
at pages.ViewLeadPage.verifyTitleOfPage(ViewLeadPage.java:14)
at pages.ViewLeadPage.verifyTitleOfPage(ViewLeadPage.java:14)
at pages.ViewLeadPage.verifyTitleOfPage(ViewLeadPage.java:14)
at pages.ViewLeadPage.verifyTitleOfPage(ViewLeadPage.java:14)
at pages.ViewLeadPage.verifyTitleOfPage(ViewLeadPage.java:14)
at pages.ViewLeadPage.verifyTitleOfPage(ViewLeadPage.java:14)
at pages.ViewLeadPage.verifyTitleOfPage(ViewLeadPage.java:14)
at pages.ViewLeadPage.verifyTitleOfPage(ViewLeadPage.java:14)
at pages.ViewLeadPage.verifyTitleOfPage(ViewLeadPage.java:14)
at pages.ViewLeadPage.verifyTitleOfPage(ViewLeadPage.java:14)
at pages.ViewLeadPage.verifyTitleOfPage(ViewLeadPage.java:14)
at pages.ViewLeadPage.verifyTitleOfPage(ViewLeadPage.java:14)
at pages.ViewLeadPage.verifyTitleOfPage(ViewLeadPage.java:14)
at pages.ViewLeadPage.verifyTitleOfPage(ViewLeadPage.java:14)
at pages.ViewLeadPage.verifyTitleOfPage(ViewLeadPage.java:14)
at pages.ViewLeadPage.verifyTitleOfPage(ViewLeadPage.java:14)
at pages.ViewLeadPage.verifyTitleOfPage(ViewLeadPage.java:14)
at pages.ViewLeadPage.verifyTitleOfPage(ViewLeadPage.java:14)
at pages.ViewLeadPage.verifyTitleOfPage(ViewLeadPage.java:14)
at pages.ViewLeadPage.verifyTitleOfPage(ViewLeadPage.java:14)
at pages.ViewLeadPage.verifyTitleOfPage(ViewLeadPage.java:14)
at pages.ViewLeadPage.verifyTitleOfPage(ViewLeadPage.java:14)
at pages.ViewLeadPage.verifyTitleOfPage(ViewLeadPage.java:14)
at pages.ViewLeadPage.verifyTitleOfPage(ViewLeadPage.java:14)
at pages.ViewLeadPage.verifyTitleOfPage(ViewLeadPage.java:14)
at pages.ViewLeadPage.verifyTitleOfPage(ViewLeadPage.java:14)
at pages.ViewLeadPage.verifyTitleOfPage(ViewLeadPage.java:14)
at pages.ViewLeadPage.verifyTitleOfPage(ViewLeadPage.java:14)
at pages.ViewLeadPage.verifyTitleOfPage(ViewLeadPage.java:14)
at pages.ViewLeadPage.verifyTitleOfPage(ViewLeadPage.java:14)
at pages.ViewLeadPage.verifyTitleOfPage(ViewLeadPage.java:14)
at pages.ViewLeadPage.verifyTitleOfPage(ViewLeadPage.java:14)
at pages.ViewLeadPage.verifyTitleOfPage(ViewLeadPage.java:14)
at pages.ViewLeadPage.verifyTitleOfPage(ViewLeadPage.java:14)
at pages.ViewLeadPage.verifyTitleOfPage(ViewLeadPage.java:14)
at pages.ViewLeadPage.verifyTitleOfPage(ViewLeadPage.java:14)
at pages.ViewLeadPage.verifyTitleOfPage(ViewLeadPage.java:14)
at pages.ViewLeadPage.verifyTitleOfPage(ViewLeadPage.java:14)
at pages.ViewLeadPage.verifyTitleOfPage(ViewLeadPage.java:14)
at pages.ViewLeadPage.verifyTitleOfPage(ViewLeadPage.java:14)
at pages.ViewLeadPage.verifyTitleOfPage(ViewLeadPage.java:14)
at pages.ViewLeadPage.verifyTitleOfPage(ViewLeadPage.java:14)
at pages.ViewLeadPage.verifyTitleOfPage(ViewLeadPage.java:14)
at pages.ViewLeadPage.verifyTitleOfPage(ViewLeadPage.java:14)
at pages.ViewLeadPage.verifyTitleOfPage(ViewLeadPage.java:14)
at pages.ViewLeadPage.verifyTitleOfPage(ViewLeadPage.java:14)
at pages.ViewLeadPage.verifyTitleOfPage(ViewLeadPage.java:14)
at pages.ViewLeadPage.verifyTitleOfPage(ViewLeadPage.java:14)
at pages.ViewLeadPage.verifyTitleOfPage(ViewLeadPage.java:14)
at pages.ViewLeadPage.verifyTitleOfPage(ViewLeadPage.java:14)
at pages.ViewLeadPage.verifyTitleOfPage(ViewLeadPage.java:14)
at pages.ViewLeadPage.verifyTitleOfPage(ViewLeadPage.java:14)
at pages.ViewLeadPage.verifyTitleOfPage(ViewLeadPage.java:14)
at pages.ViewLeadPage.verifyTitleOfPage(ViewLeadPage.java:14)
at pages.ViewLeadPage.verifyTitleOfPage(ViewLeadPage.java:14)
at pages.ViewLeadPage.verifyTitleOfPage(ViewLeadPage.java:14)
at pages.ViewLeadPage.verifyTitleOfPage(ViewLeadPage.java:14)
at pages.ViewLeadPage.verifyTitleOfPage(ViewLeadPage.java:14)
at pages.ViewLeadPage.verifyTitleOfPage(ViewLeadPage.java:14)
at pages.ViewLeadPage.verifyTitleOfPage(ViewLeadPage.java:14)
at pages.ViewLeadPage.verifyTitleOfPage(ViewLeadPage.java:14)
at pages.ViewLeadPage.verifyTitleOfPage(ViewLeadPage.java:14)
at pages.ViewLeadPage.verifyTitleOfPage(ViewLeadPage.java:14)
at pages.ViewLeadPage.verifyTitleOfPage(ViewLeadPage.java:14)
at pages.ViewLeadPage.verifyTitleOfPage(ViewLeadPage.java:14)
at pages.ViewLeadPage.verifyTitleOfPage(ViewLeadPage.java:14)
at pages.ViewLeadPage.verifyTitleOfPage(ViewLeadPage.java:14)
at pages.ViewLeadPage.verifyTitleOfPage(ViewLeadPage.java:14)
at pages.ViewLeadPage.verifyTitleOfPage(ViewLeadPage.java:14)
at pages.ViewLeadPage.verifyTitleOfPage(ViewLeadPage.java:14)
at pages.ViewLeadPage.verifyTitleOfPage(ViewLeadPage.java:14)
at pages.ViewLeadPage.verifyTitleOfPage(ViewLeadPage.java:14)
at pages.ViewLeadPage.verifyTitleOfPage(ViewLeadPage.java:14)
at pages.ViewLeadPage.verifyTitleOfPage(ViewLeadPage.java:14)
at pages.ViewLeadPage.verifyTitleOfPage(ViewLeadPage.java:14)
at pages.ViewLeadPage.verifyTitleOfPage(ViewLeadPage.java:14)
at pages.ViewLeadPage.verifyTitleOfPage(ViewLeadPage.java:14)
at pages.ViewLeadPage.verifyTitleOfPage(ViewLeadPage.java:14)
at pages.ViewLeadPage.verifyTitleOfPage(ViewLeadPage.java:14)
at pages.ViewLeadPage.verifyTitleOfPage(ViewLeadPage.java:14)
at pages.ViewLeadPage.verifyTitleOfPage(ViewLeadPage.java:14)
at pages.ViewLeadPage.verifyTitleOfPage(ViewLeadPage.java:14)
at pages.ViewLeadPage.verifyTitleOfPage(ViewLeadPage.java:14)
at pages.ViewLeadPage.verifyTitleOfPage(ViewLeadPage.java:14)
at pages.ViewLeadPage.verifyTitleOfPage(ViewLeadPage.java:14)
at pages.ViewLeadPage.verifyTitleOfPage(ViewLeadPage.java:14)
at pages.ViewLeadPage.verifyTitleOfPage(ViewLeadPage.java:14)
at pages.ViewLeadPage.verifyTitleOfPage(ViewLeadPage.java:14)
at pages.ViewLeadPage.verifyTitleOfPage(ViewLeadPage.java:14)
at pages.ViewLeadPage.verifyTitleOfPage(ViewLeadPage.java:14)
at pages.ViewLeadPage.verifyTitleOfPage(ViewLeadPage.java:14)
at pages.ViewLeadPage.verifyTitleOfPage(ViewLeadPage.java:14)
at pages.ViewLeadPage.verifyTitleOfPage(ViewLeadPage.java:14)
at pages.ViewLeadPage.verifyTitleOfPage(ViewLeadPage.java:14)
at pages.ViewLeadPage.verifyTitleOfPage(ViewLeadPage.java:14)
at pages.ViewLeadPage.verifyTitleOfPage(ViewLeadPage.java:14)
at pages.ViewLeadPage.verifyTitleOfPage(ViewLeadPage.java:14)
at pages.ViewLeadPage.verifyTitleOfPage(ViewLeadPage.java:14)
at pages.ViewLeadPage.verifyTitleOfPage(ViewLeadPage.java:14)
at pages.ViewLeadPage.verifyTitleOfPage(ViewLeadPage.java:14)
at pages.ViewLeadPage.verifyTitleOfPage(ViewLeadPage.java:14)
at pages.ViewLeadPage.verifyTitleOfPage(ViewLeadPage.java:14)
at pages.ViewLeadPage.verifyTitleOfPage(ViewLeadPage.java:14)
at pages.ViewLeadPage.verifyTitleOfPage(ViewLeadPage.java:14)
at pages.ViewLeadPage.verifyTitleOfPage(ViewLeadPage.java:14)
at pages.ViewLeadPage.verifyTitleOfPage(ViewLeadPage.java:14)
at pages.ViewLeadPage.verifyTitleOfPage(ViewLeadPage.java:14)
at pages.ViewLeadPage.verifyTitleOfPage(ViewLeadPage.java:14)
at pages.ViewLeadPage.verifyTitleOfPage(ViewLeadPage.java:14)
at pages.ViewLeadPage.verifyTitleOfPage(ViewLeadPage.java:14)
at pages.ViewLeadPage.verifyTitleOfPage(ViewLeadPage.java:14)
at pages.ViewLeadPage.verifyTitleOfPage(ViewLeadPage.java:14)
at pages.ViewLeadPage.verifyTitleOfPage(ViewLeadPage.java:14)
at pages.ViewLeadPage.verifyTitleOfPage(ViewLeadPage.java:14)
at pages.ViewLeadPage.verifyTitleOfPage(ViewLeadPage.java:14)
at pages.ViewLeadPage.verifyTitleOfPage(ViewLeadPage.java:14)
at pages.ViewLeadPage.verifyTitleOfPage(ViewLeadPage.java:14)
at pages.ViewLeadPage.verifyTitleOfPage(ViewLeadPage.java:14)
at pages.ViewLeadPage.verifyTitleOfPage(ViewLeadPage.java:14)
at pages.ViewLeadPage.verifyTitleOfPage(ViewLeadPage.java:14)
at pages.ViewLeadPage.verifyTitleOfPage(ViewLeadPage.java:14)
at pages.ViewLeadPage.verifyTitleOfPage(ViewLeadPage.java:14)
at pages.ViewLeadPage.verifyTitleOfPage(ViewLeadPage.java:14)
at pages.ViewLeadPage.verifyTitleOfPage(ViewLeadPage.java:14)
at pages.ViewLeadPage.verifyTitleOfPage(ViewLeadPage.java:14)
at pages.ViewLeadPage.verifyTitleOfPage(ViewLeadPage.java:14)
at pages.ViewLeadPage.verifyTitleOfPage(ViewLeadPage.java:14)
at pages.ViewLeadPage.verifyTitleOfPage(ViewLeadPage.java:14)
at pages.ViewLeadPage.verifyTitleOfPage(ViewLeadPage.java:14)
at pages.ViewLeadPage.verifyTitleOfPage(ViewLeadPage.java:14)
at pages.ViewLeadPage.verifyTitleOfPage(ViewLeadPage.java:14)
at pages.ViewLeadPage.verifyTitleOfPage(ViewLeadPage.java:14)
at pages.ViewLeadPage.verifyTitleOfPage(ViewLeadPage.java:14)
at pages.ViewLeadPage.verifyTitleOfPage(ViewLeadPage.java:14)
at pages.ViewLeadPage.verifyTitleOfPage(ViewLeadPage.java:14)
at pages.ViewLeadPage.verifyTitleOfPage(ViewLeadPage.java:14)
at pages.ViewLeadPage.verifyTitleOfPage(ViewLeadPage.java:14)
at pages.ViewLeadPage.verifyTitleOfPage(ViewLeadPage.java:14)
at pages.ViewLeadPage.verifyTitleOfPage(ViewLeadPage.java:14)
at pages.ViewLeadPage.verifyTitleOfPage(ViewLeadPage.java:14)
at pages.ViewLeadPage.verifyTitleOfPage(ViewLeadPage.java:14)
at pages.ViewLeadPage.verifyTitleOfPage(ViewLeadPage.java:14)
at pages.ViewLeadPage.verifyTitleOfPage(ViewLeadPage.java:14)
at pages.ViewLeadPage.verifyTitleOfPage(ViewLeadPage.java:14)
at pages.ViewLeadPage.verifyTitleOfPage(ViewLeadPage.java:14)
at pages.ViewLeadPage.verifyTitleOfPage(ViewLeadPage.java:14)
at pages.ViewLeadPage.verifyTitleOfPage(ViewLeadPage.java:14)
at pages.ViewLeadPage.verifyTitleOfPage(ViewLeadPage.java:14)
at pages.ViewLeadPage.verifyTitleOfPage(ViewLeadPage.java:14)
at pages.ViewLeadPage.verifyTitleOfPage(ViewLeadPage.java:14)
at pages.ViewLeadPage.verifyTitleOfPage(ViewLeadPage.java:14)
at pages.ViewLeadPage.verifyTitleOfPage(ViewLeadPage.java:14)
at pages.ViewLeadPage.verifyTitleOfPage(ViewLeadPage.java:14)
at pages.ViewLeadPage.verifyTitleOfPage(ViewLeadPage.java:14)
at pages.ViewLeadPage.verifyTitleOfPage(ViewLeadPage.java:14)
at pages.ViewLeadPage.verifyTitleOfPage(ViewLeadPage.java:14)
at pages.ViewLeadPage.verifyTitleOfPage(ViewLeadPage.java:14)
at pages.ViewLeadPage.verifyTitleOfPage(ViewLeadPage.java:14)
at pages.ViewLeadPage.verifyTitleOfPage(ViewLeadPage.java:14)
at pages.ViewLeadPage.verifyTitleOfPage(ViewLeadPage.java:14)
at pages.ViewLeadPage.verifyTitleOfPage(ViewLeadPage.java:14)
at pages.ViewLeadPage.verifyTitleOfPage(ViewLeadPage.java:14)
at pages.ViewLeadPage.verifyTitleOfPage(ViewLeadPage.java:14)
at pages.ViewLeadPage.verifyTitleOfPage(ViewLeadPage.java:14)
at pages.ViewLeadPage.verifyTitleOfPage(ViewLeadPage.java:14)
at pages.ViewLeadPage.verifyTitleOfPage(ViewLeadPage.java:14)
at pages.ViewLeadPage.verifyTitleOfPage(ViewLeadPage.java:14)
at pages.ViewLeadPage.verifyTitleOfPage(ViewLeadPage.java:14)
at pages.ViewLeadPage.verifyTitleOfPage(ViewLeadPage.java:14)
at pages.ViewLeadPage.verifyTitleOfPage(ViewLeadPage.java:14)
at pages.ViewLeadPage.verifyTitleOfPage(ViewLeadPage.java:14)
at pages.ViewLeadPage.verifyTitleOfPage(ViewLeadPage.java:14)
at pages.ViewLeadPage.verifyTitleOfPage(ViewLeadPage.java:14)
at pages.ViewLeadPage.verifyTitleOfPage(ViewLeadPage.java:14)
at pages.ViewLeadPage.verifyTitleOfPage(ViewLeadPage.java:14)
at pages.ViewLeadPage.verifyTitleOfPage(ViewLeadPage.java:14)
at pages.ViewLeadPage.verifyTitleOfPage(ViewLeadPage.java:14)
at pages.ViewLeadPage.verifyTitleOfPage(ViewLeadPage.java:14)
at pages.ViewLeadPage.verifyTitleOfPage(ViewLeadPage.java:14)
at pages.ViewLeadPage.verifyTitleOfPage(ViewLeadPage.java:14)
at pages.ViewLeadPage.verifyTitleOfPage(ViewLeadPage.java:14)
at pages.ViewLeadPage.verifyTitleOfPage(ViewLeadPage.java:14)
at pages.ViewLeadPage.verifyTitleOfPage(ViewLeadPage.java:14)
at pages.ViewLeadPage.verifyTitleOfPage(ViewLeadPage.java:14)
at pages.ViewLeadPage.verifyTitleOfPage(ViewLeadPage.java:14)
at pages.ViewLeadPage.verifyTitleOfPage(ViewLeadPage.java:14)
at pages.ViewLeadPage.verifyTitleOfPage(ViewLeadPage.java:14)
at pages.ViewLeadPage.verifyTitleOfPage(ViewLeadPage.java:14)
at pages.ViewLeadPage.verifyTitleOfPage(ViewLeadPage.java:14)
at pages.ViewLeadPage.verifyTitleOfPage(ViewLeadPage.java:14)
at pages.ViewLeadPage.verifyTitleOfPage(ViewLeadPage.java:14)
at pages.ViewLeadPage.verifyTitleOfPage(ViewLeadPage.java:14)
at pages.ViewLeadPage.verifyTitleOfPage(ViewLeadPage.java:14)
at pages.ViewLeadPage.verifyTitleOfPage(ViewLeadPage.java:14)
at pages.ViewLeadPage.verifyTitleOfPage(ViewLeadPage.java:14)
at pages.ViewLeadPage.verifyTitleOfPage(ViewLeadPage.java:14)
at pages.ViewLeadPage.verifyTitleOfPage(ViewLeadPage.java:14)
at pages.ViewLeadPage.verifyTitleOfPage(ViewLeadPage.java:14)
at pages.ViewLeadPage.verifyTitleOfPage(ViewLeadPage.java:14)
at pages.ViewLeadPage.verifyTitleOfPage(ViewLeadPage.java:14)
at pages.ViewLeadPage.verifyTitleOfPage(ViewLeadPage.java:14)
at pages.ViewLeadPage.verifyTitleOfPage(ViewLeadPage.java:14)
at pages.ViewLeadPage.verifyTitleOfPage(ViewLeadPage.java:14)
at pages.ViewLeadPage.verifyTitleOfPage(ViewLeadPage.java:14)
at pages.ViewLeadPage.verifyTitleOfPage(ViewLeadPage.java:14)
at pages.ViewLeadPage.verifyTitleOfPage(ViewLeadPage.java:14)
at pages.ViewLeadPage.verifyTitleOfPage(ViewLeadPage.java:14)
at pages.ViewLeadPage.verifyTitleOfPage(ViewLeadPage.java:14)
at pages.ViewLeadPage.verifyTitleOfPage(ViewLeadPage.java:14)
at pages.ViewLeadPage.verifyTitleOfPage(ViewLeadPage.java:14)
at pages.ViewLeadPage.verifyTitleOfPage(ViewLeadPage.java:14)
at pages.ViewLeadPage.verifyTitleOfPage(ViewLeadPage.java:14)
at pages.ViewLeadPage.verifyTitleOfPage(ViewLeadPage.java:14)
at pages.ViewLeadPage.verifyTitleOfPage(ViewLeadPage.java:14)
at pages.ViewLeadPage.verifyTitleOfPage(ViewLeadPage.java:14)
at pages.ViewLeadPage.verifyTitleOfPage(ViewLeadPage.java:14)
at pages.ViewLeadPage.verifyTitleOfPage(ViewLeadPage.java:14)
at pages.ViewLeadPage.verifyTitleOfPage(ViewLeadPage.java:14)
at pages.ViewLeadPage.verifyTitleOfPage(ViewLeadPage.java:14)
at pages.ViewLeadPage.verifyTitleOfPage(ViewLeadPage.java:14)
at pages.ViewLeadPage.verifyTitleOfPage(ViewLeadPage.java:14)
at pages.ViewLeadPage.verifyTitleOfPage(ViewLeadPage.java:14)
at pages.ViewLeadPage.verifyTitleOfPage(ViewLeadPage.java:14)
at pages.ViewLeadPage.verifyTitleOfPage(ViewLeadPage.java:14)
at pages.ViewLeadPage.verifyTitleOfPage(ViewLeadPage.java:14)
at pages.ViewLeadPage.verifyTitleOfPage(ViewLeadPage.java:14)
at pages.ViewLeadPage.verifyTitleOfPage(ViewLeadPage.java:14)
at pages.ViewLeadPage.verifyTitleOfPage(ViewLeadPage.java:14)
at pages.ViewLeadPage.verifyTitleOfPage(ViewLeadPage.java:14)
at pages.ViewLeadPage.verifyTitleOfPage(ViewLeadPage.java:14)
at pages.ViewLeadPage.verifyTitleOfPage(ViewLeadPage.java:14)
at pages.ViewLeadPage.verifyTitleOfPage(ViewLeadPage.java:14)
at pages.ViewLeadPage.verifyTitleOfPage(ViewLeadPage.java:14)
at pages.ViewLeadPage.verifyTitleOfPage(ViewLeadPage.java:14)
at pages.ViewLeadPage.verifyTitleOfPage(ViewLeadPage.java:14)
at pages.ViewLeadPage.verifyTitleOfPage(ViewLeadPage.java:14)
at pages.ViewLeadPage.verifyTitleOfPage(ViewLeadPage.java:14)
at pages.ViewLeadPage.verifyTitleOfPage(ViewLeadPage.java:14)
at pages.ViewLeadPage.verifyTitleOfPage(ViewLeadPage.java:14)
at pages.ViewLeadPage.verifyTitleOfPage(ViewLeadPage.java:14)
at pages.ViewLeadPage.verifyTitleOfPage(ViewLeadPage.java:14)
at pages.ViewLeadPage.verifyTitleOfPage(ViewLeadPage.java:14)
at pages.ViewLeadPage.verifyTitleOfPage(ViewLeadPage.java:14)
at pages.ViewLeadPage.verifyTitleOfPage(ViewLeadPage.java:14)
at pages.ViewLeadPage.verifyTitleOfPage(ViewLeadPage.java:14)
at pages.ViewLeadPage.verifyTitleOfPage(ViewLeadPage.java:14)
at pages.ViewLeadPage.verifyTitleOfPage(ViewLeadPage.java:14)
at pages.ViewLeadPage.verifyTitleOfPage(ViewLeadPage.java:14)
at pages.ViewLeadPage.verifyTitleOfPage(ViewLeadPage.java:14)
at pages.ViewLeadPage.verifyTitleOfPage(ViewLeadPage.java:14)
at pages.ViewLeadPage.verifyTitleOfPage(ViewLeadPage.java:14)
at pages.ViewLeadPage.verifyTitleOfPage(ViewLeadPage.java:14)
at pages.ViewLeadPage.verifyTitleOfPage(ViewLeadPage.java:14)
at pages.ViewLeadPage.verifyTitleOfPage(ViewLeadPage.java:14)
at pages.ViewLeadPage.verifyTitleOfPage(ViewLeadPage.java:14)
at pages.ViewLeadPage.verifyTitleOfPage(ViewLeadPage.java:14)
at pages.ViewLeadPage.verifyTitleOfPage(ViewLeadPage.java:14)
at pages.ViewLeadPage.verifyTitleOfPage(ViewLeadPage.java:14)
at pages.ViewLeadPage.verifyTitleOfPage(ViewLeadPage.java:14)
at pages.ViewLeadPage.verifyTitleOfPage(ViewLeadPage.java:14)
at pages.ViewLeadPage.verifyTitleOfPage(ViewLeadPage.java:14)
at pages.ViewLeadPage.verifyTitleOfPage(ViewLeadPage.java:14)
at pages.ViewLeadPage.verifyTitleOfPage(ViewLeadPage.java:14)
at pages.ViewLeadPage.verifyTitleOfPage(ViewLeadPage.java:14)
at pages.ViewLeadPage.verifyTitleOfPage(ViewLeadPage.java:14)
at pages.ViewLeadPage.verifyTitleOfPage(ViewLeadPage.java:14)
at pages.ViewLeadPage.verifyTitleOfPage(ViewLeadPage.java:14)
at pages.ViewLeadPage.verifyTitleOfPage(ViewLeadPage.java:14)
at pages.ViewLeadPage.verifyTitleOfPage(ViewLeadPage.java:14)
at pages.ViewLeadPage.verifyTitleOfPage(ViewLeadPage.java:14)
at pages.ViewLeadPage.verifyTitleOfPage(ViewLeadPage.java:14)
at pages.ViewLeadPage.verifyTitleOfPage(ViewLeadPage.java:14)
at pages.ViewLeadPage.verifyTitleOfPage(ViewLeadPage.java:14)
at pages.ViewLeadPage.verifyTitleOfPage(ViewLeadPage.java:14)
at pages.ViewLeadPage.verifyTitleOfPage(ViewLeadPage.java:14)
at pages.ViewLeadPage.verifyTitleOfPage(ViewLeadPage.java:14)
at pages.ViewLeadPage.verifyTitleOfPage(ViewLeadPage.java:14)
at pages.ViewLeadPage.verifyTitleOfPage(ViewLeadPage.java:14)
at pages.ViewLeadPage.verifyTitleOfPage(ViewLeadPage.java:14)
at pages.ViewLeadPage.verifyTitleOfPage(ViewLeadPage.java:14)
at pages.ViewLeadPage.verifyTitleOfPage(ViewLeadPage.java:14)
at pages.ViewLeadPage.verifyTitleOfPage(ViewLeadPage.java:14)
at pages.ViewLeadPage.verifyTitleOfPage(ViewLeadPage.java:14)
at pages.ViewLeadPage.verifyTitleOfPage(ViewLeadPage.java:14)
at pages.ViewLeadPage.verifyTitleOfPage(ViewLeadPage.java:14)
at pages.ViewLeadPage.verifyTitleOfPage(ViewLeadPage.java:14)
at pages.ViewLeadPage.verifyTitleOfPage(ViewLeadPage.java:14)
at pages.ViewLeadPage.verifyTitleOfPage(ViewLeadPage.java:14)
at pages.ViewLeadPage.verifyTitleOfPage(ViewLeadPage.java:14)
at pages.ViewLeadPage.verifyTitleOfPage(ViewLeadPage.java:14)
at pages.ViewLeadPage.verifyTitleOfPage(ViewLeadPage.java:14)
at pages.ViewLeadPage.verifyTitleOfPage(ViewLeadPage.java:14)
at pages.ViewLeadPage.verifyTitleOfPage(ViewLeadPage.java:14)
at pages.ViewLeadPage.verifyTitleOfPage(ViewLeadPage.java:14)
at pages.ViewLeadPage.verifyTitleOfPage(ViewLeadPage.java:14)
at pages.ViewLeadPage.verifyTitleOfPage(ViewLeadPage.java:14)
at pages.ViewLeadPage.verifyTitleOfPage(ViewLeadPage.java:14)
at pages.ViewLeadPage.verifyTitleOfPage(ViewLeadPage.java:14)
at pages.ViewLeadPage.verifyTitleOfPage(ViewLeadPage.java:14)
at pages.ViewLeadPage.verifyTitleOfPage(ViewLeadPage.java:14)
at pages.ViewLeadPage.verifyTitleOfPage(ViewLeadPage.java:14)
at pages.ViewLeadPage.verifyTitleOfPage(ViewLeadPage.java:14)
at pages.ViewLeadPage.verifyTitleOfPage(ViewLeadPage.java:14)
at pages.ViewLeadPage.verifyTitleOfPage(ViewLeadPage.java:14)
at pages.ViewLeadPage.verifyTitleOfPage(ViewLeadPage.java:14)
at pages.ViewLeadPage.verifyTitleOfPage(ViewLeadPage.java:14)
at pages.ViewLeadPage.verifyTitleOfPage(ViewLeadPage.java:14)
at pages.ViewLeadPage.verifyTitleOfPage(ViewLeadPage.java:14)
at pages.ViewLeadPage.verifyTitleOfPage(ViewLeadPage.java:14)
at pages.ViewLeadPage.verifyTitleOfPage(ViewLeadPage.java:14)
at pages.ViewLeadPage.verifyTitleOfPage(ViewLeadPage.java:14)
at pages.ViewLeadPage.verifyTitleOfPage(ViewLeadPage.java:14)
at pages.ViewLeadPage.verifyTitleOfPage(ViewLeadPage.java:14)
at pages.ViewLeadPage.verifyTitleOfPage(ViewLeadPage.java:14)
at pages.ViewLeadPage.verifyTitleOfPage(ViewLeadPage.java:14)
at pages.ViewLeadPage.verifyTitleOfPage(ViewLeadPage.java:14)
at pages.ViewLeadPage.verifyTitleOfPage(ViewLeadPage.java:14)
at pages.ViewLeadPage.verifyTitleOfPage(ViewLeadPage.java:14)
at pages.ViewLeadPage.verifyTitleOfPage(ViewLeadPage.java:14)
at pages.ViewLeadPage.verifyTitleOfPage(ViewLeadPage.java:14)
at pages.ViewLeadPage.verifyTitleOfPage(ViewLeadPage.java:14)
at pages.ViewLeadPage.verifyTitleOfPage(ViewLeadPage.java:14)
at pages.ViewLeadPage.verifyTitleOfPage(ViewLeadPage.java:14)
at pages.ViewLeadPage.verifyTitleOfPage(ViewLeadPage.java:14)
at pages.ViewLeadPage.verifyTitleOfPage(ViewLeadPage.java:14)
at pages.ViewLeadPage.verifyTitleOfPage(ViewLeadPage.java:14)
at pages.ViewLeadPage.verifyTitleOfPage(ViewLeadPage.java:14)
at pages.ViewLeadPage.verifyTitleOfPage(ViewLeadPage.java:14)
at pages.ViewLeadPage.verifyTitleOfPage(ViewLeadPage.java:14)
at pages.ViewLeadPage.verifyTitleOfPage(ViewLeadPage.java:14)
at pages.ViewLeadPage.verifyTitleOfPage(ViewLeadPage.java:14)
at pages.ViewLeadPage.verifyTitleOfPage(ViewLeadPage.java:14)
at pages.ViewLeadPage.verifyTitleOfPage(ViewLeadPage.java:14)
at pages.ViewLeadPage.verifyTitleOfPage(ViewLeadPage.java:14)
at pages.ViewLeadPage.verifyTitleOfPage(ViewLeadPage.java:14)
at pages.ViewLeadPage.verifyTitleOfPage(ViewLeadPage.java:14)
at pages.ViewLeadPage.verifyTitleOfPage(ViewLeadPage.java:14)
at pages.ViewLeadPage.verifyTitleOfPage(ViewLeadPage.java:14)
at pages.ViewLeadPage.verifyTitleOfPage(ViewLeadPage.java:14)
at pages.ViewLeadPage.verifyTitleOfPage(ViewLeadPage.java:14)
at pages.ViewLeadPage.verifyTitleOfPage(ViewLeadPage.java:14)
at pages.ViewLeadPage.verifyTitleOfPage(ViewLeadPage.java:14)
at pages.ViewLeadPage.verifyTitleOfPage(ViewLeadPage.java:14)
at pages.ViewLeadPage.verifyTitleOfPage(ViewLeadPage.java:14)
at pages.ViewLeadPage.verifyTitleOfPage(ViewLeadPage.java:14)
at pages.ViewLeadPage.verifyTitleOfPage(ViewLeadPage.java:14)
at pages.ViewLeadPage.verifyTitleOfPage(ViewLeadPage.java:14)
at pages.ViewLeadPage.verifyTitleOfPage(ViewLeadPage.java:14)
at pages.ViewLeadPage.verifyTitleOfPage(ViewLeadPage.java:14)
at pages.ViewLeadPage.verifyTitleOfPage(ViewLeadPage.java:14)
at pages.ViewLeadPage.verifyTitleOfPage(ViewLeadPage.java:14)
at pages.ViewLeadPage.verifyTitleOfPage(ViewLeadPage.java:14)
at pages.ViewLeadPage.verifyTitleOfPage(ViewLeadPage.java:14)
at pages.ViewLeadPage.verifyTitleOfPage(ViewLeadPage.java:14)
at pages.ViewLeadPage.verifyTitleOfPage(ViewLeadPage.java:14)
at pages.ViewLeadPage.verifyTitleOfPage(ViewLeadPage.java:14)
at pages.ViewLeadPage.verifyTitleOfPage(ViewLeadPage.java:14)
at pages.ViewLeadPage.verifyTitleOfPage(ViewLeadPage.java:14)
at pages.ViewLeadPage.verifyTitleOfPage(ViewLeadPage.java:14)
at pages.ViewLeadPage.verifyTitleOfPage(ViewLeadPage.java:14)
at pages.ViewLeadPage.verifyTitleOfPage(ViewLeadPage.java:14)
at pages.ViewLeadPage.verifyTitleOfPage(ViewLeadPage.java:14)
at pages.ViewLeadPage.verifyTitleOfPage(ViewLeadPage.java:14)
at pages.ViewLeadPage.verifyTitleOfPage(ViewLeadPage.java:14)
at pages.ViewLeadPage.verifyTitleOfPage(ViewLeadPage.java:14)
at pages.ViewLeadPage.verifyTitleOfPage(ViewLeadPage.java:14)
at pages.ViewLeadPage.verifyTitleOfPage(ViewLeadPage.java:14)
at pages.ViewLeadPage.verifyTitleOfPage(ViewLeadPage.java:14)
at pages.ViewLeadPage.verifyTitleOfPage(ViewLeadPage.java:14)
at pages.ViewLeadPage.verifyTitleOfPage(ViewLeadPage.java:14)
at pages.ViewLeadPage.verifyTitleOfPage(ViewLeadPage.java:14)
at pages.ViewLeadPage.verifyTitleOfPage(ViewLeadPage.java:14)
at pages.ViewLeadPage.verifyTitleOfPage(ViewLeadPage.java:14)
at pages.ViewLeadPage.verifyTitleOfPage(ViewLeadPage.java:14)
at pages.ViewLeadPage.verifyTitleOfPage(ViewLeadPage.java:14)
at pages.ViewLeadPage.verifyTitleOfPage(ViewLeadPage.java:14)
at pages.ViewLeadPage.verifyTitleOfPage(ViewLeadPage.java:14)
at pages.ViewLeadPage.verifyTitleOfPage(ViewLeadPage.java:14)
at pages.ViewLeadPage.verifyTitleOfPage(ViewLeadPage.java:14)
at pages.ViewLeadPage.verifyTitleOfPage(ViewLeadPage.java:14)
at pages.ViewLeadPage.verifyTitleOfPage(ViewLeadPage.java:14)
at pages.ViewLeadPage.verifyTitleOfPage(ViewLeadPage.java:14)
at pages.ViewLeadPage.verifyTitleOfPage(ViewLeadPage.java:14)
at pages.ViewLeadPage.verifyTitleOfPage(ViewLeadPage.java:14)
at pages.ViewLeadPage.verifyTitleOfPage(ViewLeadPage.java:14)
at pages.ViewLeadPage.verifyTitleOfPage(ViewLeadPage.java:14)
at pages.ViewLeadPage.verifyTitleOfPage(ViewLeadPage.java:14)
at pages.ViewLeadPage.verifyTitleOfPage(ViewLeadPage.java:14)
at pages.ViewLeadPage.verifyTitleOfPage(ViewLeadPage.java:14)
at pages.ViewLeadPage.verifyTitleOfPage(ViewLeadPage.java:14)
at pages.ViewLeadPage.verifyTitleOfPage(ViewLeadPage.java:14)
at pages.ViewLeadPage.verifyTitleOfPage(ViewLeadPage.java:14)
at pages.ViewLeadPage.verifyTitleOfPage(ViewLeadPage.java:14)
at pages.ViewLeadPage.verifyTitleOfPage(ViewLeadPage.java:14)
at pages.ViewLeadPage.verifyTitleOfPage(ViewLeadPage.java:14)
at pages.ViewLeadPage.verifyTitleOfPage(ViewLeadPage.java:14)
at pages.ViewLeadPage.verifyTitleOfPage(ViewLeadPage.java:14)
at pages.ViewLeadPage.verifyTitleOfPage(ViewLeadPage.java:14)
at pages.ViewLeadPage.verifyTitleOfPage(ViewLeadPage.java:14)
at pages.ViewLeadPage.verifyTitleOfPage(ViewLeadPage.java:14)
at pages.ViewLeadPage.verifyTitleOfPage(ViewLeadPage.java:14)
at pages.ViewLeadPage.verifyTitleOfPage(ViewLeadPage.java:14)
at pages.ViewLeadPage.verifyTitleOfPage(ViewLeadPage.java:14)
at pages.ViewLeadPage.verifyTitleOfPage(ViewLeadPage.java:14)
at pages.ViewLeadPage.verifyTitleOfPage(ViewLeadPage.java:14)
at pages.ViewLeadPage.verifyTitleOfPage(ViewLeadPage.java:14)
at pages.ViewLeadPage.verifyTitleOfPage(ViewLeadPage.java:14)
at pages.ViewLeadPage.verifyTitleOfPage(ViewLeadPage.java:14)
at pages.ViewLeadPage.verifyTitleOfPage(ViewLeadPage.java:14)
at pages.ViewLeadPage.verifyTitleOfPage(ViewLeadPage.java:14)
at pages.ViewLeadPage.verifyTitleOfPage(ViewLeadPage.java:14)
at pages.ViewLeadPage.verifyTitleOfPage(ViewLeadPage.java:14)
at pages.ViewLeadPage.verifyTitleOfPage(ViewLeadPage.java:14)
at pages.ViewLeadPage.verifyTitleOfPage(ViewLeadPage.java:14)
at pages.ViewLeadPage.verifyTitleOfPage(ViewLeadPage.java:14)
at pages.ViewLeadPage.verifyTitleOfPage(ViewLeadPage.java:14)
at pages.ViewLeadPage.verifyTitleOfPage(ViewLeadPage.java:14)
at pages.ViewLeadPage.verifyTitleOfPage(ViewLeadPage.java:14)
at pages.ViewLeadPage.verifyTitleOfPage(ViewLeadPage.java:14)
at pages.ViewLeadPage.verifyTitleOfPage(ViewLeadPage.java:14)
at pages.ViewLeadPage.verifyTitleOfPage(ViewLeadPage.java:14)
at pages.ViewLeadPage.verifyTitleOfPage(ViewLeadPage.java:14)
at pages.ViewLeadPage.verifyTitleOfPage(ViewLeadPage.java:14)
at pages.ViewLeadPage.verifyTitleOfPage(ViewLeadPage.java:14)
at pages.ViewLeadPage.verifyTitleOfPage(ViewLeadPage.java:14)
at pages.ViewLeadPage.verifyTitleOfPage(ViewLeadPage.java:14)
at pages.ViewLeadPage.verifyTitleOfPage(ViewLeadPage.java:14)
at pages.ViewLeadPage.verifyTitleOfPage(ViewLeadPage.java:14)
at pages.ViewLeadPage.verifyTitleOfPage(ViewLeadPage.java:14)
at pages.ViewLeadPage.verifyTitleOfPage(ViewLeadPage.java:14)
at pages.ViewLeadPage.verifyTitleOfPage(ViewLeadPage.java:14)
at pages.ViewLeadPage.verifyTitleOfPage(ViewLeadPage.java:14)
at pages.ViewLeadPage.verifyTitleOfPage(ViewLeadPage.java:14)
at pages.ViewLeadPage.verifyTitleOfPage(ViewLeadPage.java:14)
at pages.ViewLeadPage.verifyTitleOfPage(ViewLeadPage.java:14)
at pages.ViewLeadPage.verifyTitleOfPage(ViewLeadPage.java:14)
at pages.ViewLeadPage.verifyTitleOfPage(ViewLeadPage.java:14)
at pages.ViewLeadPage.verifyTitleOfPage(ViewLeadPage.java:14)
at pages.ViewLeadPage.verifyTitleOfPage(ViewLeadPage.java:14)
at pages.ViewLeadPage.verifyTitleOfPage(ViewLeadPage.java:14)
at pages.ViewLeadPage.verifyTitleOfPage(ViewLeadPage.java:14)
at pages.ViewLeadPage.verifyTitleOfPage(ViewLeadPage.java:14)
at pages.ViewLeadPage.verifyTitleOfPage(ViewLeadPage.java:14)
at pages.ViewLeadPage.verifyTitleOfPage(ViewLeadPage.java:14)
at pages.ViewLeadPage.verifyTitleOfPage(ViewLeadPage.java:14)
at pages.ViewLeadPage.verifyTitleOfPage(ViewLeadPage.java:14)
at pages.ViewLeadPage.verifyTitleOfPage(ViewLeadPage.java:14)
at pages.ViewLeadPage.verifyTitleOfPage(ViewLeadPage.java:14)
at pages.ViewLeadPage.verifyTitleOfPage(ViewLeadPage.java:14)
at pages.ViewLeadPage.verifyTitleOfPage(ViewLeadPage.java:14)
at pages.ViewLeadPage.verifyTitleOfPage(ViewLeadPage.java:14)
at pages.ViewLeadPage.verifyTitleOfPage(ViewLeadPage.java:14)
at pages.ViewLeadPage.verifyTitleOfPage(ViewLeadPage.java:14)
at pages.ViewLeadPage.verifyTitleOfPage(ViewLeadPage.java:14)
at pages.ViewLeadPage.verifyTitleOfPage(ViewLeadPage.java:14)
at pages.ViewLeadPage.verifyTitleOfPage(ViewLeadPage.java:14)
at pages.ViewLeadPage.verifyTitleOfPage(ViewLeadPage.java:14)
at pages.ViewLeadPage.verifyTitleOfPage(ViewLeadPage.java:14)
at pages.ViewLeadPage.verifyTitleOfPage(ViewLeadPage.java:14)
at pages.ViewLeadPage.verifyTitleOfPage(ViewLeadPage.java:14)
at pages.ViewLeadPage.verifyTitleOfPage(ViewLeadPage.java:14)
at pages.ViewLeadPage.verifyTitleOfPage(ViewLeadPage.java:14)
at pages.ViewLeadPage.verifyTitleOfPage(ViewLeadPage.java:14)
at pages.ViewLeadPage.verifyTitleOfPage(ViewLeadPage.java:14)
at pages.ViewLeadPage.verifyTitleOfPage(ViewLeadPage.java:14)
at pages.ViewLeadPage.verifyTitleOfPage(ViewLeadPage.java:14)
at pages.ViewLeadPage.verifyTitleOfPage(ViewLeadPage.java:14)
at pages.ViewLeadPage.verifyTitleOfPage(ViewLeadPage.java:14)
at pages.ViewLeadPage.verifyTitleOfPage(ViewLeadPage.java:14)
at pages.ViewLeadPage.verifyTitleOfPage(ViewLeadPage.java:14)
at pages.ViewLeadPage.verifyTitleOfPage(ViewLeadPage.java:14)
at pages.ViewLeadPage.verifyTitleOfPage(ViewLeadPage.java:14)
at pages.ViewLeadPage.verifyTitleOfPage(ViewLeadPage.java:14)
at pages.ViewLeadPage.verifyTitleOfPage(ViewLeadPage.java:14)
at pages.ViewLeadPage.verifyTitleOfPage(ViewLeadPage.java:14)
at pages.ViewLeadPage.verifyTitleOfPage(ViewLeadPage.java:14)
at pages.ViewLeadPage.verifyTitleOfPage(ViewLeadPage.java:14)
at pages.ViewLeadPage.verifyTitleOfPage(ViewLeadPage.java:14)
at pages.ViewLeadPage.verifyTitleOfPage(ViewLeadPage.java:14)
at pages.ViewLeadPage.verifyTitleOfPage(ViewLeadPage.java:14)
at pages.ViewLeadPage.verifyTitleOfPage(ViewLeadPage.java:14)
at pages.ViewLeadPage.verifyTitleOfPage(ViewLeadPage.java:14)
at pages.ViewLeadPage.verifyTitleOfPage(ViewLeadPage.java:14)
at pages.ViewLeadPage.verifyTitleOfPage(ViewLeadPage.java:14)
at pages.ViewLeadPage.verifyTitleOfPage(ViewLeadPage.java:14)
at pages.ViewLeadPage.verifyTitleOfPage(ViewLeadPage.java:14)
at pages.ViewLeadPage.verifyTitleOfPage(ViewLeadPage.java:14)
at pages.ViewLeadPage.verifyTitleOfPage(ViewLeadPage.java:14)
at pages.ViewLeadPage.verifyTitleOfPage(ViewLeadPage.java:14)
at pages.ViewLeadPage.verifyTitleOfPage(ViewLeadPage.java:14)
at pages.ViewLeadPage.verifyTitleOfPage(ViewLeadPage.java:14)
at pages.ViewLeadPage.verifyTitleOfPage(ViewLeadPage.java:14)
at pages.ViewLeadPage.verifyTitleOfPage(ViewLeadPage.java:14)
at pages.ViewLeadPage.verifyTitleOfPage(ViewLeadPage.java:14)
at pages.ViewLeadPage.verifyTitleOfPage(ViewLeadPage.java:14)
at pages.ViewLeadPage.verifyTitleOfPage(ViewLeadPage.java:14)
at pages.ViewLeadPage.verifyTitleOfPage(ViewLeadPage.java:14)
at pages.ViewLeadPage.verifyTitleOfPage(ViewLeadPage.java:14)
at pages.ViewLeadPage.verifyTitleOfPage(ViewLeadPage.java:14)
at pages.ViewLeadPage.verifyTitleOfPage(ViewLeadPage.java:14)
at pages.ViewLeadPage.verifyTitleOfPage(ViewLeadPage.java:14)
at pages.ViewLeadPage.verifyTitleOfPage(ViewLeadPage.java:14)
at pages.ViewLeadPage.verifyTitleOfPage(ViewLeadPage.java:14)
at pages.ViewLeadPage.verifyTitleOfPage(ViewLeadPage.java:14)
at pages.ViewLeadPage.verifyTitleOfPage(ViewLeadPage.java:14)
at pages.ViewLeadPage.verifyTitleOfPage(ViewLeadPage.java:14)
at pages.ViewLeadPage.verifyTitleOfPage(ViewLeadPage.java:14)
at pages.ViewLeadPage.verifyTitleOfPage(ViewLeadPage.java:14)
at pages.ViewLeadPage.verifyTitleOfPage(ViewLeadPage.java:14)
at pages.ViewLeadPage.verifyTitleOfPage(ViewLeadPage.java:14)
at pages.ViewLeadPage.verifyTitleOfPage(ViewLeadPage.java:14)
at pages.ViewLeadPage.verifyTitleOfPage(ViewLeadPage.java:14)
at pages.ViewLeadPage.verifyTitleOfPage(ViewLeadPage.java:14)
at pages.ViewLeadPage.verifyTitleOfPage(ViewLeadPage.java:14)
at pages.ViewLeadPage.verifyTitleOfPage(ViewLeadPage.java:14)
at pages.ViewLeadPage.verifyTitleOfPage(ViewLeadPage.java:14)
at pages.ViewLeadPage.verifyTitleOfPage(ViewLeadPage.java:14)
at pages.ViewLeadPage.verifyTitleOfPage(ViewLeadPage.java:14)
at pages.ViewLeadPage.verifyTitleOfPage(ViewLeadPage.java:14)
at pages.ViewLeadPage.verifyTitleOfPage(ViewLeadPage.java:14)
at pages.ViewLeadPage.verifyTitleOfPage(ViewLeadPage.java:14)
at pages.ViewLeadPage.verifyTitleOfPage(ViewLeadPage.java:14)
at pages.ViewLeadPage.verifyTitleOfPage(ViewLeadPage.java:14)
at pages.ViewLeadPage.verifyTitleOfPage(ViewLeadPage.java:14)
at pages.ViewLeadPage.verifyTitleOfPage(ViewLeadPage.java:14)
at pages.ViewLeadPage.verifyTitleOfPage(ViewLeadPage.java:14)
at pages.ViewLeadPage.verifyTitleOfPage(ViewLeadPage.java:14)
at pages.ViewLeadPage.verifyTitleOfPage(ViewLeadPage.java:14)
at pages.ViewLeadPage.verifyTitleOfPage(ViewLeadPage.java:14)
at pages.ViewLeadPage.verifyTitleOfPage(ViewLeadPage.java:14)
at pages.ViewLeadPage.verifyTitleOfPage(ViewLeadPage.java:14)
at pages.ViewLeadPage.verifyTitleOfPage(ViewLeadPage.java:14)
at pages.ViewLeadPage.verifyTitleOfPage(ViewLeadPage.java:14)
at pages.ViewLeadPage.verifyTitleOfPage(ViewLeadPage.java:14)
at pages.ViewLeadPage.verifyTitleOfPage(ViewLeadPage.java:14)
at pages.ViewLeadPage.verifyTitleOfPage(ViewLeadPage.java:14)
at pages.ViewLeadPage.verifyTitleOfPage(ViewLeadPage.java:14)
at pages.ViewLeadPage.verifyTitleOfPage(ViewLeadPage.java:14)
at pages.ViewLeadPage.verifyTitleOfPage(ViewLeadPage.java:14)
at pages.ViewLeadPage.verifyTitleOfPage(ViewLeadPage.java:14)
at pages.ViewLeadPage.verifyTitleOfPage(ViewLeadPage.java:14)
at pages.ViewLeadPage.verifyTitleOfPage(ViewLeadPage.java:14)
at pages.ViewLeadPage.verifyTitleOfPage(ViewLeadPage.java:14)
at pages.ViewLeadPage.verifyTitleOfPage(ViewLeadPage.java:14)
at pages.ViewLeadPage.verifyTitleOfPage(ViewLeadPage.java:14)
at pages.ViewLeadPage.verifyTitleOfPage(ViewLeadPage.java:14)
at pages.ViewLeadPage.verifyTitleOfPage(ViewLeadPage.java:14)
at pages.ViewLeadPage.verifyTitleOfPage(ViewLeadPage.java:14)
at pages.ViewLeadPage.verifyTitleOfPage(ViewLeadPage.java:14)
at pages.ViewLeadPage.verifyTitleOfPage(ViewLeadPage.java:14)
at pages.ViewLeadPage.verifyTitleOfPage(ViewLeadPage.java:14)
at pages.ViewLeadPage.verifyTitleOfPage(ViewLeadPage.java:14)
at pages.ViewLeadPage.verifyTitleOfPage(ViewLeadPage.java:14)
at pages.ViewLeadPage.verifyTitleOfPage(ViewLeadPage.java:14)
at pages.ViewLeadPage.verifyTitleOfPage(ViewLeadPage.java:14)
at pages.ViewLeadPage.verifyTitleOfPage(ViewLeadPage.java:14)
at pages.ViewLeadPage.verifyTitleOfPage(ViewLeadPage.java:14)
at pages.ViewLeadPage.verifyTitleOfPage(ViewLeadPage.java:14)
at pages.ViewLeadPage.verifyTitleOfPage(ViewLeadPage.java:14)
at pages.ViewLeadPage.verifyTitleOfPage(ViewLeadPage.java:14)
at pages.ViewLeadPage.verifyTitleOfPage(ViewLeadPage.java:14)
at pages.ViewLeadPage.verifyTitleOfPage(ViewLeadPage.java:14)
at pages.ViewLeadPage.verifyTitleOfPage(ViewLeadPage.java:14)
at pages.ViewLeadPage.verifyTitleOfPage(ViewLeadPage.java:14)
at pages.ViewLeadPage.verifyTitleOfPage(ViewLeadPage.java:14)
at pages.ViewLeadPage.verifyTitleOfPage(ViewLeadPage.java:14)
at pages.ViewLeadPage.verifyTitleOfPage(ViewLeadPage.java:14)
at pages.ViewLeadPage.verifyTitleOfPage(ViewLeadPage.java:14)
at pages.ViewLeadPage.verifyTitleOfPage(ViewLeadPage.java:14)
at pages.ViewLeadPage.verifyTitleOfPage(ViewLeadPage.java:14)
at pages.ViewLeadPage.verifyTitleOfPage(ViewLeadPage.java:14)
at pages.ViewLeadPage.verifyTitleOfPage(ViewLeadPage.java:14)
at pages.ViewLeadPage.verifyTitleOfPage(ViewLeadPage.java:14)
at pages.ViewLeadPage.verifyTitleOfPage(ViewLeadPage.java:14)
at pages.ViewLeadPage.verifyTitleOfPage(ViewLeadPage.java:14)
at pages.ViewLeadPage.verifyTitleOfPage(ViewLeadPage.java:14)
at pages.ViewLeadPage.verifyTitleOfPage(ViewLeadPage.java:14)
at pages.ViewLeadPage.verifyTitleOfPage(ViewLeadPage.java:14)
at pages.ViewLeadPage.verifyTitleOfPage(ViewLeadPage.java:14)
at pages.ViewLeadPage.verifyTitleOfPage(ViewLeadPage.java:14)
at pages.ViewLeadPage.verifyTitleOfPage(ViewLeadPage.java:14)
at pages.ViewLeadPage.verifyTitleOfPage(ViewLeadPage.java:14)
at pages.ViewLeadPage.verifyTitleOfPage(ViewLeadPage.java:14)
at pages.ViewLeadPage.verifyTitleOfPage(ViewLeadPage.java:14)
at pages.ViewLeadPage.verifyTitleOfPage(ViewLeadPage.java:14)
at pages.ViewLeadPage.verifyTitleOfPage(ViewLeadPage.java:14)
at pages.ViewLeadPage.verifyTitleOfPage(ViewLeadPage.java:14)
at pages.ViewLeadPage.verifyTitleOfPage(ViewLeadPage.java:14)
at pages.ViewLeadPage.verifyTitleOfPage(ViewLeadPage.java:14)
at pages.ViewLeadPage.verifyTitleOfPage(ViewLeadPage.java:14)
at pages.ViewLeadPage.verifyTitleOfPage(ViewLeadPage.java:14)
at pages.ViewLeadPage.verifyTitleOfPage(ViewLeadPage.java:14)
at pages.ViewLeadPage.verifyTitleOfPage(ViewLeadPage.java:14)
at pages.ViewLeadPage.verifyTitleOfPage(ViewLeadPage.java:14)
at pages.ViewLeadPage.verifyTitleOfPage(ViewLeadPage.java:14)
at pages.ViewLeadPage.verifyTitleOfPage(ViewLeadPage.java:14)
at pages.ViewLeadPage.verifyTitleOfPage(ViewLeadPage.java:14)
at pages.ViewLeadPage.verifyTitleOfPage(ViewLeadPage.java:14)
at pages.ViewLeadPage.verifyTitleOfPage(ViewLeadPage.java:14)
at pages.ViewLeadPage.verifyTitleOfPage(ViewLeadPage.java:14)
at pages.ViewLeadPage.verifyTitleOfPage(ViewLeadPage.java:14)
at pages.ViewLeadPage.verifyTitleOfPage(ViewLeadPage.java:14)
at pages.ViewLeadPage.verifyTitleOfPage(ViewLeadPage.java:14)
at pages.ViewLeadPage.verifyTitleOfPage(ViewLeadPage.java:14)
at pages.ViewLeadPage.verifyTitleOfPage(ViewLeadPage.java:14)
at pages.ViewLeadPage.verifyTitleOfPage(ViewLeadPage.java:14)
at pages.ViewLeadPage.verifyTitleOfPage(ViewLeadPage.java:14)
at pages.ViewLeadPage.verifyTitleOfPage(ViewLeadPage.java:14)
at pages.ViewLeadPage.verifyTitleOfPage(ViewLeadPage.java:14)
at pages.ViewLeadPage.verifyTitleOfPage(ViewLeadPage.java:14)
at pages.ViewLeadPage.verifyTitleOfPage(ViewLeadPage.java:14)
at pages.ViewLeadPage.verifyTitleOfPage(ViewLeadPage.java:14)
at pages.ViewLeadPage.verifyTitleOfPage(ViewLeadPage.java:14)
at pages.ViewLeadPage.verifyTitleOfPage(ViewLeadPage.java:14)
at pages.ViewLeadPage.verifyTitleOfPage(ViewLeadPage.java:14)
at pages.ViewLeadPage.verifyTitleOfPage(ViewLeadPage.java:14)
at pages.ViewLeadPage.verifyTitleOfPage(ViewLeadPage.java:14)
at pages.ViewLeadPage.verifyTitleOfPage(ViewLeadPage.java:14)
at pages.ViewLeadPage.verifyTitleOfPage(ViewLeadPage.java:14)
at pages.ViewLeadPage.verifyTitleOfPage(ViewLeadPage.java:14)
at pages.ViewLeadPage.verifyTitleOfPage(ViewLeadPage.java:14)
at pages.ViewLeadPage.verifyTitleOfPage(ViewLeadPage.java:14)
at pages.ViewLeadPage.verifyTitleOfPage(ViewLeadPage.java:14)
at pages.ViewLeadPage.verifyTitleOfPage(ViewLeadPage.java:14)
at pages.ViewLeadPage.verifyTitleOfPage(ViewLeadPage.java:14)
at pages.ViewLeadPage.verifyTitleOfPage(ViewLeadPage.java:14)
at pages.ViewLeadPage.verifyTitleOfPage(ViewLeadPage.java:14)
at pages.ViewLeadPage.verifyTitleOfPage(ViewLeadPage.java:14)
at pages.ViewLeadPage.verifyTitleOfPage(ViewLeadPage.java:14)
at pages.ViewLeadPage.verifyTitleOfPage(ViewLeadPage.java:14)
at pages.ViewLeadPage.verifyTitleOfPage(ViewLeadPage.java:14)
at pages.ViewLeadPage.verifyTitleOfPage(ViewLeadPage.java:14)
at pages.ViewLeadPage.verifyTitleOfPage(ViewLeadPage.java:14)
at pages.ViewLeadPage.verifyTitleOfPage(ViewLeadPage.java:14)
at pages.ViewLeadPage.verifyTitleOfPage(ViewLeadPage.java:14)
at pages.ViewLeadPage.verifyTitleOfPage(ViewLeadPage.java:14)
at pages.ViewLeadPage.verifyTitleOfPage(ViewLeadPage.java:14)
at pages.ViewLeadPage.verifyTitleOfPage(ViewLeadPage.java:14)
at pages.ViewLeadPage.verifyTitleOfPage(ViewLeadPage.java:14)
at pages.ViewLeadPage.verifyTitleOfPage(ViewLeadPage.java:14)
at pages.ViewLeadPage.verifyTitleOfPage(ViewLeadPage.java:14)
at pages.ViewLeadPage.verifyTitleOfPage(ViewLeadPage.java:14)
at pages.ViewLeadPage.verifyTitleOfPage(ViewLeadPage.java:14)
at pages.ViewLeadPage.verifyTitleOfPage(ViewLeadPage.java:14)
at pages.ViewLeadPage.verifyTitleOfPage(ViewLeadPage.java:14)
at pages.ViewLeadPage.verifyTitleOfPage(ViewLeadPage.java:14)
at pages.ViewLeadPage.verifyTitleOfPage(ViewLeadPage.java:14)
at pages.ViewLeadPage.verifyTitleOfPage(ViewLeadPage.java:14)
at pages.ViewLeadPage.verifyTitleOfPage(ViewLeadPage.java:14)
at pages.ViewLeadPage.verifyTitleOfPage(ViewLeadPage.java:14)
at pages.ViewLeadPage.verifyTitleOfPage(ViewLeadPage.java:14)
at pages.ViewLeadPage.verifyTitleOfPage(ViewLeadPage.java:14)
at pages.ViewLeadPage.verifyTitleOfPage(ViewLeadPage.java:14)
at pages.ViewLeadPage.verifyTitleOfPage(ViewLeadPage.java:14)
at pages.ViewLeadPage.verifyTitleOfPage(ViewLeadPage.java:14)
at pages.ViewLeadPage.verifyTitleOfPage(ViewLeadPage.java:14)
at pages.ViewLeadPage.verifyTitleOfPage(ViewLeadPage.java:14)
at pages.ViewLeadPage.verifyTitleOfPage(ViewLeadPage.java:14)
at pages.ViewLeadPage.verifyTitleOfPage(ViewLeadPage.java:14)
at pages.ViewLeadPage.verifyTitleOfPage(ViewLeadPage.java:14)
at pages.ViewLeadPage.verifyTitleOfPage(ViewLeadPage.java:14)
at pages.ViewLeadPage.verifyTitleOfPage(ViewLeadPage.java:14)
at pages.ViewLeadPage.verifyTitleOfPage(ViewLeadPage.java:14)
at pages.ViewLeadPage.verifyTitleOfPage(ViewLeadPage.java:14)
at pages.ViewLeadPage.verifyTitleOfPage(ViewLeadPage.java:14)
at pages.ViewLeadPage.verifyTitleOfPage(ViewLeadPage.java:14)
at pages.ViewLeadPage.verifyTitleOfPage(ViewLeadPage.java:14)
at pages.ViewLeadPage.verifyTitleOfPage(ViewLeadPage.java:14)
at pages.ViewLeadPage.verifyTitleOfPage(ViewLeadPage.java:14)
at pages.ViewLeadPage.verifyTitleOfPage(ViewLeadPage.java:14)
at pages.ViewLeadPage.verifyTitleOfPage(ViewLeadPage.java:14)
at pages.ViewLeadPage.verifyTitleOfPage(ViewLeadPage.java:14)
at pages.ViewLeadPage.verifyTitleOfPage(ViewLeadPage.java:14)
at pages.ViewLeadPage.verifyTitleOfPage(ViewLeadPage.java:14)
at pages.ViewLeadPage.verifyTitleOfPage(ViewLeadPage.java:14)
at pages.ViewLeadPage.verifyTitleOfPage(ViewLeadPage.java:14)
at pages.ViewLeadPage.verifyTitleOfPage(ViewLeadPage.java:14)
at pages.ViewLeadPage.verifyTitleOfPage(ViewLeadPage.java:14)
at pages.ViewLeadPage.verifyTitleOfPage(ViewLeadPage.java:14)
at pages.ViewLeadPage.verifyTitleOfPage(ViewLeadPage.java:14)
at pages.ViewLeadPage.verifyTitleOfPage(ViewLeadPage.java:14)
at pages.ViewLeadPage.verifyTitleOfPage(ViewLeadPage.java:14)
at pages.ViewLeadPage.verifyTitleOfPage(ViewLeadPage.java:14)
at pages.ViewLeadPage.verifyTitleOfPage(ViewLeadPage.java:14)
at pages.ViewLeadPage.verifyTitleOfPage(ViewLeadPage.java:14)
at pages.ViewLeadPage.verifyTitleOfPage(ViewLeadPage.java:14)
at pages.ViewLeadPage.verifyTitleOfPage(ViewLeadPage.java:14)
at pages.ViewLeadPage.verifyTitleOfPage(ViewLeadPage.java:14)
at pages.ViewLeadPage.verifyTitleOfPage(ViewLeadPage.java:14)
at pages.ViewLeadPage.verifyTitleOfPage(ViewLeadPage.java:14)
at pages.ViewLeadPage.verifyTitleOfPage(ViewLeadPage.java:14)
at pages.ViewLeadPage.verifyTitleOfPage(ViewLeadPage.java:14)
at pages.ViewLeadPage.verifyTitleOfPage(ViewLeadPage.java:14)
at pages.ViewLeadPage.verifyTitleOfPage(ViewLeadPage.java:14)
at pages.ViewLeadPage.verifyTitleOfPage(ViewLeadPage.java:14)
at pages.ViewLeadPage.verifyTitleOfPage(ViewLeadPage.java:14)
at pages.ViewLeadPage.verifyTitleOfPage(ViewLeadPage.java:14)
at pages.ViewLeadPage.verifyTitleOfPage(ViewLeadPage.java:14)
at pages.ViewLeadPage.verifyTitleOfPage(ViewLeadPage.java:14)
at pages.ViewLeadPage.verifyTitleOfPage(ViewLeadPage.java:14)
at pages.ViewLeadPage.verifyTitleOfPage(ViewLeadPage.java:14)
at pages.ViewLeadPage.verifyTitleOfPage(ViewLeadPage.java:14)
at pages.ViewLeadPage.verifyTitleOfPage(ViewLeadPage.java:14)
at pages.ViewLeadPage.verifyTitleOfPage(ViewLeadPage.java:14)
at pages.ViewLeadPage.verifyTitleOfPage(ViewLeadPage.java:14)
at pages.ViewLeadPage.verifyTitleOfPage(ViewLeadPage.java:14)
at pages.ViewLeadPage.verifyTitleOfPage(ViewLeadPage.java:14)
at pages.ViewLeadPage.verifyTitleOfPage(ViewLeadPage.java:14)
at pages.ViewLeadPage.verifyTitleOfPage(ViewLeadPage.java:14)
at pages.ViewLeadPage.verifyTitleOfPage(ViewLeadPage.java:14)
at pages.ViewLeadPage.verifyTitleOfPage(ViewLeadPage.java:14)
at pages.ViewLeadPage.verifyTitleOfPage(ViewLeadPage.java:14)
at pages.ViewLeadPage.verifyTitleOfPage(ViewLeadPage.java:14)
at pages.ViewLeadPage.verifyTitleOfPage(ViewLeadPage.java:14)
at pages.ViewLeadPage.verifyTitleOfPage(ViewLeadPage.java:14)
at pages.ViewLeadPage.verifyTitleOfPage(ViewLeadPage.java:14)
at pages.ViewLeadPage.verifyTitleOfPage(ViewLeadPage.java:14)
at pages.ViewLeadPage.verifyTitleOfPage(ViewLeadPage.java:14)
at pages.ViewLeadPage.verifyTitleOfPage(ViewLeadPage.java:14)
at pages.ViewLeadPage.verifyTitleOfPage(ViewLeadPage.java:14)
at pages.ViewLeadPage.verifyTitleOfPage(ViewLeadPage.java:14)
at pages.ViewLeadPage.verifyTitleOfPage(ViewLeadPage.java:14)
at pages.ViewLeadPage.verifyTitleOfPage(ViewLeadPage.java:14)
at pages.ViewLeadPage.verifyTitleOfPage(ViewLeadPage.java:14)
at pages.ViewLeadPage.verifyTitleOfPage(ViewLeadPage.java:14)
at pages.ViewLeadPage.verifyTitleOfPage(ViewLeadPage.java:14)
at pages.ViewLeadPage.verifyTitleOfPage(ViewLeadPage.java:14)
at pages.ViewLeadPage.verifyTitleOfPage(ViewLeadPage.java:14)
at pages.ViewLeadPage.verifyTitleOfPage(ViewLeadPage.java:14)
at pages.ViewLeadPage.verifyTitleOfPage(ViewLeadPage.java:14)
at pages.ViewLeadPage.verifyTitleOfPage(ViewLeadPage.java:14)
at pages.ViewLeadPage.verifyTitleOfPage(ViewLeadPage.java:14)
at pages.ViewLeadPage.verifyTitleOfPage(ViewLeadPage.java:14)
at pages.ViewLeadPage.verifyTitleOfPage(ViewLeadPage.java:14)
at pages.ViewLeadPage.verifyTitleOfPage(ViewLeadPage.java:14)
at pages.ViewLeadPage.verifyTitleOfPage(ViewLeadPage.java:14)
at pages.ViewLeadPage.verifyTitleOfPage(ViewLeadPage.java:14)
at pages.ViewLeadPage.verifyTitleOfPage(ViewLeadPage.java:14)
at pages.ViewLeadPage.verifyTitleOfPage(ViewLeadPage.java:14)
at pages.ViewLeadPage.verifyTitleOfPage(ViewLeadPage.java:14)
at pages.ViewLeadPage.verifyTitleOfPage(ViewLeadPage.java:14)
at pages.ViewLeadPage.verifyTitleOfPage(ViewLeadPage.java:14)
at pages.ViewLeadPage.verifyTitleOfPage(ViewLeadPage.java:14)
at pages.ViewLeadPage.verifyTitleOfPage(ViewLeadPage.java:14)
at pages.ViewLeadPage.verifyTitleOfPage(ViewLeadPage.java:14)
at pages.ViewLeadPage.verifyTitleOfPage(ViewLeadPage.java:14)
at pages.ViewLeadPage.verifyTitleOfPage(ViewLeadPage.java:14)
at pages.ViewLeadPage.verifyTitleOfPage(ViewLeadPage.java:14)
at pages.ViewLeadPage.verifyTitleOfPage(ViewLeadPage.java:14)
at pages.ViewLeadPage.verifyTitleOfPage(ViewLeadPage.java:14)
at pages.ViewLeadPage.verifyTitleOfPage(ViewLeadPage.java:14)
at pages.ViewLeadPage.verifyTitleOfPage(ViewLeadPage.java:14)
at pages.ViewLeadPage.verifyTitleOfPage(ViewLeadPage.java:14)
at pages.ViewLeadPage.verifyTitleOfPage(ViewLeadPage.java:14)
at pages.ViewLeadPage.verifyTitleOfPage(ViewLeadPage.java:14)
at pages.ViewLeadPage.verifyTitleOfPage(ViewLeadPage.java:14)
at pages.ViewLeadPage.verifyTitleOfPage(ViewLeadPage.java:14)
at pages.ViewLeadPage.verifyTitleOfPage(ViewLeadPage.java:14)
at pages.ViewLeadPage.verifyTitleOfPage(ViewLeadPage.java:14)
at pages.ViewLeadPage.verifyTitleOfPage(ViewLeadPage.java:14)
at pages.ViewLeadPage.verifyTitleOfPage(ViewLeadPage.java:14)
at pages.ViewLeadPage.verifyTitleOfPage(ViewLeadPage.java:14)
at pages.ViewLeadPage.verifyTitleOfPage(ViewLeadPage.java:14)
at pages.ViewLeadPage.verifyTitleOfPage(ViewLeadPage.java:14)
at pages.ViewLeadPage.verifyTitleOfPage(ViewLeadPage.java:14)
at pages.ViewLeadPage.verifyTitleOfPage(ViewLeadPage.java:14)
at pages.ViewLeadPage.verifyTitleOfPage(ViewLeadPage.java:14)
at pages.ViewLeadPage.verifyTitleOfPage(ViewLeadPage.java:14)
at pages.ViewLeadPage.verifyTitleOfPage(ViewLeadPage.java:14)
at pages.ViewLeadPage.verifyTitleOfPage(ViewLeadPage.java:14)
at pages.ViewLeadPage.verifyTitleOfPage(ViewLeadPage.java:14)
at pages.ViewLeadPage.verifyTitleOfPage(ViewLeadPage.java:14)
at pages.ViewLeadPage.verifyTitleOfPage(ViewLeadPage.java:14)
at pages.ViewLeadPage.verifyTitleOfPage(ViewLeadPage.java:14)
at pages.ViewLeadPage.verifyTitleOfPage(ViewLeadPage.java:14)
at pages.ViewLeadPage.verifyTitleOfPage(ViewLeadPage.java:14)
at pages.ViewLeadPage.verifyTitleOfPage(ViewLeadPage.java:14)
at pages.ViewLeadPage.verifyTitleOfPage(ViewLeadPage.java:14)
at pages.ViewLeadPage.verifyTitleOfPage(ViewLeadPage.java:14)
at pages.ViewLeadPage.verifyTitleOfPage(ViewLeadPage.java:14)
at pages.ViewLeadPage.verifyTitleOfPage(ViewLeadPage.java:14)
at pages.ViewLeadPage.verifyTitleOfPage(ViewLeadPage.java:14)
at pages.ViewLeadPage.verifyTitleOfPage(ViewLeadPage.java:14)
at pages.ViewLeadPage.verifyTitleOfPage(ViewLeadPage.java:14)
at pages.ViewLeadPage.verifyTitleOfPage(ViewLeadPage.java:14)
at pages.ViewLeadPage.verifyTitleOfPage(ViewLeadPage.java:14)
at pages.ViewLeadPage.verifyTitleOfPage(ViewLeadPage.java:14)
at pages.ViewLeadPage.verifyTitleOfPage(ViewLeadPage.java:14)
at pages.ViewLeadPage.verifyTitleOfPage(ViewLeadPage.java:14)
at pages.ViewLeadPage.verifyTitleOfPage(ViewLeadPage.java:14)
at pages.ViewLeadPage.verifyTitleOfPage(ViewLeadPage.java:14)
at pages.ViewLeadPage.verifyTitleOfPage(ViewLeadPage.java:14)
at pages.ViewLeadPage.verifyTitleOfPage(ViewLeadPage.java:14)
at pages.ViewLeadPage.verifyTitleOfPage(ViewLeadPage.java:14)
at pages.ViewLeadPage.verifyTitleOfPage(ViewLeadPage.java:14)
at pages.ViewLeadPage.verifyTitleOfPage(ViewLeadPage.java:14)
at pages.ViewLeadPage.verifyTitleOfPage(ViewLeadPage.java:14)
at pages.ViewLeadPage.verifyTitleOfPage(ViewLeadPage.java:14)
at pages.ViewLeadPage.verifyTitleOfPage(ViewLeadPage.java:14)
at pages.ViewLeadPage.verifyTitleOfPage(ViewLeadPage.java:14)
at pages.ViewLeadPage.verifyTitleOfPage(ViewLeadPage.java:14)
at pages.ViewLeadPage.verifyTitleOfPage(ViewLeadPage.java:14)
at pages.ViewLeadPage.verifyTitleOfPage(ViewLeadPage.java:14)
at pages.ViewLeadPage.verifyTitleOfPage(ViewLeadPage.java:14)
at pages.ViewLeadPage.verifyTitleOfPage(ViewLeadPage.java:14)
at pages.ViewLeadPage.verifyTitleOfPage(ViewLeadPage.java:14)
at pages.ViewLeadPage.verifyTitleOfPage(ViewLeadPage.java:14)
at pages.ViewLeadPage.verifyTitleOfPage(ViewLeadPage.java:14)
at pages.ViewLeadPage.verifyTitleOfPage(ViewLeadPage.java:14)
at pages.ViewLeadPage.verifyTitleOfPage(ViewLeadPage.java:14)
at pages.ViewLeadPage.verifyTitleOfPage(ViewLeadPage.java:14)
at pages.ViewLeadPage.verifyTitleOfPage(ViewLeadPage.java:14)
at pages.ViewLeadPage.verifyTitleOfPage(ViewLeadPage.java:14)
at pages.ViewLeadPage.verifyTitleOfPage(ViewLeadPage.java:14)
at pages.ViewLeadPage.verifyTitleOfPage(ViewLeadPage.java:14)
at pages.ViewLeadPage.verifyTitleOfPage(ViewLeadPage.java:14)
at pages.ViewLeadPage.verifyTitleOfPage(ViewLeadPage.java:14)
at pages.ViewLeadPage.verifyTitleOfPage(ViewLeadPage.java:14)
at pages.ViewLeadPage.verifyTitleOfPage(ViewLeadPage.java:14)
at pages.ViewLeadPage.verifyTitleOfPage(ViewLeadPage.java:14)
at pages.ViewLeadPage.verifyTitleOfPage(ViewLeadPage.java:14)
at pages.ViewLeadPage.verifyTitleOfPage(ViewLeadPage.java:14)
at pages.ViewLeadPage.verifyTitleOfPage(ViewLeadPage.java:14)
at pages.ViewLeadPage.verifyTitleOfPage(ViewLeadPage.java:14)
at pages.ViewLeadPage.verifyTitleOfPage(ViewLeadPage.java:14)
at pages.ViewLeadPage.verifyTitleOfPage(ViewLeadPage.java:14)
at pages.ViewLeadPage.verifyTitleOfPage(ViewLeadPage.java:14)
at pages.ViewLeadPage.verifyTitleOfPage(ViewLeadPage.java:14)
at pages.ViewLeadPage.verifyTitleOfPage(ViewLeadPage.java:14)
at pages.ViewLeadPage.verifyTitleOfPage(ViewLeadPage.java:14)
at pages.ViewLeadPage.verifyTitleOfPage(ViewLeadPage.java:14)
at pages.ViewLeadPage.verifyTitleOfPage(ViewLeadPage.java:14)
at pages.ViewLeadPage.verifyTitleOfPage(ViewLeadPage.java:14)
at pages.ViewLeadPage.verifyTitleOfPage(ViewLeadPage.java:14)
at pages.ViewLeadPage.verifyTitleOfPage(ViewLeadPage.java:14)
at pages.ViewLeadPage.verifyTitleOfPage(ViewLeadPage.java:14)
at pages.ViewLeadPage.verifyTitleOfPage(ViewLeadPage.java:14)
at pages.ViewLeadPage.verifyTitleOfPage(ViewLeadPage.java:14)
at pages.ViewLeadPage.verifyTitleOfPage(ViewLeadPage.java:14)
at pages.ViewLeadPage.verifyTitleOfPage(ViewLeadPage.java:14)
at pages.ViewLeadPage.verifyTitleOfPage(ViewLeadPage.java:14)
at pages.ViewLeadPage.verifyTitleOfPage(ViewLeadPage.java:14)
at pages.ViewLeadPage.verifyTitleOfPage(ViewLeadPage.java:14)
at pages.ViewLeadPage.verifyTitleOfPage(ViewLeadPage.java:14)
at pages.ViewLeadPage.verifyTitleOfPage(ViewLeadPage.java:14)
at pages.ViewLeadPage.verifyTitleOfPage(ViewLeadPage.java:14)
at pages.ViewLeadPage.verifyTitleOfPage(ViewLeadPage.java:14)
at pages.ViewLeadPage.verifyTitleOfPage(ViewLeadPage.java:14)
at pages.ViewLeadPage.verifyTitleOfPage(ViewLeadPage.java:14)
at pages.ViewLeadPage.verifyTitleOfPage(ViewLeadPage.java:14)
at pages.ViewLeadPage.verifyTitleOfPage(ViewLeadPage.java:14)
at pages.ViewLeadPage.verifyTitleOfPage(ViewLeadPage.java:14)
at pages.ViewLeadPage.verifyTitleOfPage(ViewLeadPage.java:14)
at pages.ViewLeadPage.verifyTitleOfPage(ViewLeadPage.java:14)
at pages.ViewLeadPage.verifyTitleOfPage(ViewLeadPage.java:14)
at pages.ViewLeadPage.verifyTitleOfPage(ViewLeadPage.java:14)
at pages.ViewLeadPage.verifyTitleOfPage(ViewLeadPage.java:14)
at pages.ViewLeadPage.verifyTitleOfPage(ViewLeadPage.java:14)
at pages.ViewLeadPage.verifyTitleOfPage(ViewLeadPage.java:14)
at pages.ViewLeadPage.verifyTitleOfPage(ViewLeadPage.java:14)
at pages.ViewLeadPage.verifyTitleOfPage(ViewLeadPage.java:14)
at pages.ViewLeadPage.verifyTitleOfPage(ViewLeadPage.java:14)
at pages.ViewLeadPage.verifyTitleOfPage(ViewLeadPage.java:14)
at pages.ViewLeadPage.verifyTitleOfPage(ViewLeadPage.java:14)
at pages.ViewLeadPage.verifyTitleOfPage(ViewLeadPage.java:14)
at pages.ViewLeadPage.verifyTitleOfPage(ViewLeadPage.java:14)
at pages.ViewLeadPage.verifyTitleOfPage(ViewLeadPage.java:14)
at pages.ViewLeadPage.verifyTitleOfPage(ViewLeadPage.java:14)
at pages.ViewLeadPage.verifyTitleOfPage(ViewLeadPage.java:14)
at pages.ViewLeadPage.verifyTitleOfPage(ViewLeadPage.java:14)
at pages.ViewLeadPage.verifyTitleOfPage(ViewLeadPage.java:14)
at pages.ViewLeadPage.verifyTitleOfPage(ViewLeadPage.java:14)
at pages.ViewLeadPage.verifyTitleOfPage(ViewLeadPage.java:14)
at pages.ViewLeadPage.verifyTitleOfPage(ViewLeadPage.java:14)
at pages.ViewLeadPage.verifyTitleOfPage(ViewLeadPage.java:14)
at pages.ViewLeadPage.verifyTitleOfPage(ViewLeadPage.java:14)
at pages.ViewLeadPage.verifyTitleOfPage(ViewLeadPage.java:14)
at pages.ViewLeadPage.verifyTitleOfPage(ViewLeadPage.java:14)
at pages.ViewLeadPage.verifyTitleOfPage(ViewLeadPage.java:14)
at pages.ViewLeadPage.verifyTitleOfPage(ViewLeadPage.java:14)
at pages.ViewLeadPage.verifyTitleOfPage(ViewLeadPage.java:14)
at pages.ViewLeadPage.verifyTitleOfPage(ViewLeadPage.java:14)
at pages.ViewLeadPage.verifyTitleOfPage(ViewLeadPage.java:14)
at pages.ViewLeadPage.verifyTitleOfPage(ViewLeadPage.java:14)
at pages.ViewLeadPage.verifyTitleOfPage(ViewLeadPage.java:14)
at pages.ViewLeadPage.verifyTitleOfPage(ViewLeadPage.java:14)
at pages.ViewLeadPage.verifyTitleOfPage(ViewLeadPage.java:14)
at pages.ViewLeadPage.verifyTitleOfPage(ViewLeadPage.java:14)
at pages.ViewLeadPage.verifyTitleOfPage(ViewLeadPage.java:14)
at pages.ViewLeadPage.verifyTitleOfPage(ViewLeadPage.java:14)
at pages.ViewLeadPage.verifyTitleOfPage(ViewLeadPage.java:14)
at pages.ViewLeadPage.verifyTitleOfPage(ViewLeadPage.java:14)
at pages.ViewLeadPage.verifyTitleOfPage(ViewLeadPage.java:14)
at pages.ViewLeadPage.verifyTitleOfPage(ViewLeadPage.java:14)
at pages.ViewLeadPage.verifyTitleOfPage(ViewLeadPage.java:14)
at pages.ViewLeadPage.verifyTitleOfPage(ViewLeadPage.java:14)
at pages.ViewLeadPage.verifyTitleOfPage(ViewLeadPage.java:14)
at pages.ViewLeadPage.verifyTitleOfPage(ViewLeadPage.java:14)
at pages.ViewLeadPage.verifyTitleOfPage(ViewLeadPage.java:14)
at pages.ViewLeadPage.verifyTitleOfPage(ViewLeadPage.java:14)
at pages.ViewLeadPage.verifyTitleOfPage(ViewLeadPage.java:14)
at pages.ViewLeadPage.verifyTitleOfPage(ViewLeadPage.java:14)
at pages.ViewLeadPage.verifyTitleOfPage(ViewLeadPage.java:14)
at pages.ViewLeadPage.verifyTitleOfPage(ViewLeadPage.java:14)
at pages.ViewLeadPage.verifyTitleOfPage(ViewLeadPage.java:14)
at pages.ViewLeadPage.verifyTitleOfPage(ViewLeadPage.java:14)
at pages.ViewLeadPage.verifyTitleOfPage(ViewLeadPage.java:14)
at pages.ViewLeadPage.verifyTitleOfPage(ViewLeadPage.java:14)
at pages.ViewLeadPage.verifyTitleOfPage(ViewLeadPage.java:14)
at pages.ViewLeadPage.verifyTitleOfPage(ViewLeadPage.java:14)
at pages.ViewLeadPage.verifyTitleOfPage(ViewLeadPage.java:14)
at pages.ViewLeadPage.verifyTitleOfPage(ViewLeadPage.java:14)
at pages.ViewLeadPage.verifyTitleOfPage(ViewLeadPage.java:14)
at pages.ViewLeadPage.verifyTitleOfPage(ViewLeadPage.java:14)
at pages.ViewLeadPage.verifyTitleOfPage(ViewLeadPage.java:14)
at pages.ViewLeadPage.verifyTitleOfPage(ViewLeadPage.java:14)
at pages.ViewLeadPage.verifyTitleOfPage(ViewLeadPage.java:14)
at pages.ViewLeadPage.verifyTitleOfPage(ViewLeadPage.java:14)
at pages.ViewLeadPage.verifyTitleOfPage(ViewLeadPage.java:14)
at pages.ViewLeadPage.verifyTitleOfPage(ViewLeadPage.java:14)
at pages.ViewLeadPage.verifyTitleOfPage(ViewLeadPage.java:14)
at pages.ViewLeadPage.verifyTitleOfPage(ViewLeadPage.java:14)
at pages.ViewLeadPage.verifyTitleOfPage(ViewLeadPage.java:14)
at pages.ViewLeadPage.verifyTitleOfPage(ViewLeadPage.java:14)
at pages.ViewLeadPage.verifyTitleOfPage(ViewLeadPage.java:14)
at pages.ViewLeadPage.verifyTitleOfPage(ViewLeadPage.java:14)
at pages.ViewLeadPage.verifyTitleOfPage(ViewLeadPage.java:14)
at pages.ViewLeadPage.verifyTitleOfPage(ViewLeadPage.java:14)
at pages.ViewLeadPage.verifyTitleOfPage(ViewLeadPage.java:14)
at pages.ViewLeadPage.verifyTitleOfPage(ViewLeadPage.java:14)
at pages.ViewLeadPage.verifyTitleOfPage(ViewLeadPage.java:14)
at pages.ViewLeadPage.verifyTitleOfPage(ViewLeadPage.java:14)
at pages.ViewLeadPage.verifyTitleOfPage(ViewLeadPage.java:14)
at pages.ViewLeadPage.verifyTitleOfPage(ViewLeadPage.java:14)
at pages.ViewLeadPage.verifyTitleOfPage(ViewLeadPage.java:14)
at pages.ViewLeadPage.verifyTitleOfPage(ViewLeadPage.java:14)
at pages.ViewLeadPage.verifyTitleOfPage(ViewLeadPage.java:14)
at pages.ViewLeadPage.verifyTitleOfPage(ViewLeadPage.java:14)
at pages.ViewLeadPage.verifyTitleOfPage(ViewLeadPage.java:14)
at pages.ViewLeadPage.verifyTitleOfPage(ViewLeadPage.java:14)
at pages.ViewLeadPage.verifyTitleOfPage(ViewLeadPage.java:14)
at pages.ViewLeadPage.verifyTitleOfPage(ViewLeadPage.java:14)
at pages.ViewLeadPage.verifyTitleOfPage(ViewLeadPage.java:14)
at pages.ViewLeadPage.verifyTitleOfPage(ViewLeadPage.java:14)
at pages.ViewLeadPage.verifyTitleOfPage(ViewLeadPage.java:14)
at pages.ViewLeadPage.verifyTitleOfPage(ViewLeadPage.java:14)
at pages.ViewLeadPage.verifyTitleOfPage(ViewLeadPage.java:14)
at pages.ViewLeadPage.verifyTitleOfPage(ViewLeadPage.java:14)
at pages.ViewLeadPage.verifyTitleOfPage(ViewLeadPage.java:14)
at pages.ViewLeadPage.verifyTitleOfPage(ViewLeadPage.java:14)
at pages.ViewLeadPage.verifyTitleOfPage(ViewLeadPage.java:14)
at pages.ViewLeadPage.verifyTitleOfPage(ViewLeadPage.java:14)
at pages.ViewLeadPage.verifyTitleOfPage(ViewLeadPage.java:14)
at pages.ViewLeadPage.verifyTitleOfPage(ViewLeadPage.java:14)
at pages.ViewLeadPage.verifyTitleOfPage(ViewLeadPage.java:14)
at pages.ViewLeadPage.verifyTitleOfPage(ViewLeadPage.java:14)
at pages.ViewLeadPage.verifyTitleOfPage(ViewLeadPage.java:14)
at pages.ViewLeadPage.verifyTitleOfPage(ViewLeadPage.java:14)
at pages.ViewLeadPage.verifyTitleOfPage(ViewLeadPage.java:14)
at pages.ViewLeadPage.verifyTitleOfPage(ViewLeadPage.java:14)
at pages.ViewLeadPage.verifyTitleOfPage(ViewLeadPage.java:14)
at pages.ViewLeadPage.verifyTitleOfPage(ViewLeadPage.java:14)
at pages.ViewLeadPage.verifyTitleOfPage(ViewLeadPage.java:14)
at pages.ViewLeadPage.verifyTitleOfPage(ViewLeadPage.java:14)
at pages.ViewLeadPage.verifyTitleOfPage(ViewLeadPage.java:14)
at pages.ViewLeadPage.verifyTitleOfPage(ViewLeadPage.java:14)
at pages.ViewLeadPage.verifyTitleOfPage(ViewLeadPage.java:14)
at pages.ViewLeadPage.verifyTitleOfPage(ViewLeadPage.java:14)
at pages.ViewLeadPage.verifyTitleOfPage(ViewLeadPage.java:14)
at pages.ViewLeadPage.verifyTitleOfPage(ViewLeadPage.java:14)
at pages.ViewLeadPage.verifyTitleOfPage(ViewLeadPage.java:14)
at pages.ViewLeadPage.verifyTitleOfPage(ViewLeadPage.java:14)
at pages.ViewLeadPage.verifyTitleOfPage(ViewLeadPage.java:14)
at pages.ViewLeadPage.verifyTitleOfPage(ViewLeadPage.java:14)
at pages.ViewLeadPage.verifyTitleOfPage(ViewLeadPage.java:14)
at pages.ViewLeadPage.verifyTitleOfPage(ViewLeadPage.java:14)
at pages.ViewLeadPage.verifyTitleOfPage(ViewLeadPage.java:14)
at pages.ViewLeadPage.verifyTitleOfPage(ViewLeadPage.java:14)
at pages.ViewLeadPage.verifyTitleOfPage(ViewLeadPage.java:14)
at pages.ViewLeadPage.verifyTitleOfPage(ViewLeadPage.java:14)
at pages.ViewLeadPage.verifyTitleOfPage(ViewLeadPage.java:14)
at pages.ViewLeadPage.verifyTitleOfPage(ViewLeadPage.java:14)
at pages.ViewLeadPage.verifyTitleOfPage(ViewLeadPage.java:14)
at pages.ViewLeadPage.verifyTitleOfPage(ViewLeadPage.java:14)
at pages.ViewLeadPage.verifyTitleOfPage(ViewLeadPage.java:14)
at pages.ViewLeadPage.verifyTitleOfPage(ViewLeadPage.java:14)
at pages.ViewLeadPage.verifyTitleOfPage(ViewLeadPage.java:14)
at pages.ViewLeadPage.verifyTitleOfPage(ViewLeadPage.java:14)
at pages.ViewLeadPage.verifyTitleOfPage(ViewLeadPage.java:14)
at pages.ViewLeadPage.verifyTitleOfPage(ViewLeadPage.java:14)
at pages.ViewLeadPage.verifyTitleOfPage(ViewLeadPage.java:14)
at pages.ViewLeadPage.verifyTitleOfPage(ViewLeadPage.java:14)
at pages.ViewLeadPage.verifyTitleOfPage(ViewLeadPage.java:14)
at pages.ViewLeadPage.verifyTitleOfPage(ViewLeadPage.java:14)
at pages.ViewLeadPage.verifyTitleOfPage(ViewLeadPage.java:14)
at pages.ViewLeadPage.verifyTitleOfPage(ViewLeadPage.java:14)
at pages.ViewLeadPage.verifyTitleOfPage(ViewLeadPage.java:14)
at pages.ViewLeadPage.verifyTitleOfPage(ViewLeadPage.java:14)
at pages.ViewLeadPage.verifyTitleOfPage(ViewLeadPage.java:14)
at pages.ViewLeadPage.verifyTitleOfPage(ViewLeadPage.java:14)
at pages.ViewLeadPage.verifyTitleOfPage(ViewLeadPage.java:14)
at pages.ViewLeadPage.verifyTitleOfPage(ViewLeadPage.java:14)
at pages.ViewLeadPage.verifyTitleOfPage(ViewLeadPage.java:14)
at pages.ViewLeadPage.verifyTitleOfPage(ViewLeadPage.java:14)
at pages.ViewLeadPage.verifyTitleOfPage(ViewLeadPage.java:14)
at pages.ViewLeadPage.verifyTitleOfPage(ViewLeadPage.java:14)
at pages.ViewLeadPage.verifyTitleOfPage(ViewLeadPage.java:14)
at pages.ViewLeadPage.verifyTitleOfPage(ViewLeadPage.java:14)
at pages.ViewLeadPage.verifyTitleOfPage(ViewLeadPage.java:14)
at pages.ViewLeadPage.verifyTitleOfPage(ViewLeadPage.java:14)
at pages.ViewLeadPage.verifyTitleOfPage(ViewLeadPage.java:14)
at pages.ViewLeadPage.verifyTitleOfPage(ViewLeadPage.java:14)
at pages.ViewLeadPage.verifyTitleOfPage(ViewLeadPage.java:14)
at pages.ViewLeadPage.verifyTitleOfPage(ViewLeadPage.java:14)
at pages.ViewLeadPage.verifyTitleOfPage(ViewLeadPage.java:14)
at pages.ViewLeadPage.verifyTitleOfPage(ViewLeadPage.java:14)
at pages.ViewLeadPage.verifyTitleOfPage(ViewLeadPage.java:14)
at pages.ViewLeadPage.verifyTitleOfPage(ViewLeadPage.java:14)
at pages.ViewLeadPage.verifyTitleOfPage(ViewLeadPage.java:14)
at pages.ViewLeadPage.verifyTitleOfPage(ViewLeadPage.java:14)
]]>
    </error>
  </testcase> <!-- editLead -->
</testsuite> <!-- testCases.TC003_EditLead -->
