<?xml version="1.0" encoding="UTF-8"?>
<!-- Generated by org.testng.reporters.JUnitReportReporter -->
<testsuite skipped="1" hostname="DESKTOP-CTFSMH2" name="pages.TC001_LoginLogout" tests="1" failures="0" timestamp="21 Feb 2022 09:35:18 GMT" time="0.000" errors="0">
  <testcase name="loginLogout" time="0.000" classname="pages.TC001_LoginLogout">
    <skipped/>
  </testcase> <!-- loginLogout -->
</testsuite> <!-- pages.TC001_LoginLogout -->
