<?xml version="1.0" encoding="UTF-8"?>
<!-- Generated by org.testng.reporters.JUnitReportReporter -->
<testsuite skipped="0" hostname="DESKTOP-CTFSMH2" name="steps.TestRunner" tests="5" failures="0" timestamp="07 Mar 2022 06:42:46 GMT" time="108.658" errors="0">
  <testcase name="runScenario" time="24.982" classname="steps.TestRunner"/>
  <testcase name="runScenario" time="36.809" classname="steps.TestRunner"/>
  <testcase name="runScenario" time="8.318" classname="steps.TestRunner"/>
  <testcase name="runScenario" time="30.555" classname="steps.TestRunner"/>
  <testcase name="runScenario" time="7.994" classname="steps.TestRunner"/>
</testsuite> <!-- steps.TestRunner -->
