<?xml version="1.0" encoding="UTF-8"?>
<!-- Generated by org.testng.reporters.JUnitReportReporter -->
<testsuite skipped="0" hostname="DESKTOP-CTFSMH2" name="testCases.TC001_LoginLogout" tests="2" failures="0" timestamp="22 Feb 2022 01:27:51 GMT" time="18.650" errors="0">
  <testcase name="loginLogout" time="9.324" classname="testCases.TC001_LoginLogout"/>
  <testcase name="loginLogout" time="9.326" classname="testCases.TC001_LoginLogout"/>
</testsuite> <!-- testCases.TC001_LoginLogout -->
