<?xml version="1.0" encoding="UTF-8"?>
<!-- Generated by org.testng.reporters.JUnitReportReporter -->
<testsuite skipped="0" hostname="DESKTOP-CTFSMH2" name="testCases.TC002_CreateLead" tests="1" failures="0" timestamp="01 Mar 2022 19:49:44 GMT" time="27.821" errors="0">
  <testcase name="editLead" time="27.821" classname="testCases.TC002_CreateLead"/>
</testsuite> <!-- testCases.TC002_CreateLead -->
